<?xml version="1.0" encoding="UTF-8"?>
<!-- Generated by org.testng.reporters.JUnitXMLReporter -->
<testsuite hostname="DESKTOP-T1ACPCH" ignored="0" name="Splash_Screen" tests="1" failures="1" timestamp="16 Apr 2019 17:38:49 GMT" time="47.529" errors="0">
  <testcase name="verifyValidLogin" time="47.451" classname="com.TestCase.Verify">
    <failure type="java.lang.AssertionError" message="The following asserts failed:
	expected [Login not Successful] but found [UserName wrong]">
      <![CDATA[java.lang.AssertionError: The following asserts failed:
expected [Login not Successful] but found [UserName wrong]
at com.PageObject.Login.log(Login.java:48)
at com.TestCase.Verify.verifyValidLogin(Verify.java:33)
... Removed 25 stack frames]]>
    </failure>
  </testcase> <!-- verifyValidLogin -->
</testsuite> <!-- Splash_Screen -->
